<?xml version="1.0" encoding="UTF-8"?>
<!-- Generated by org.testng.reporters.JUnitXMLReporter -->
<testsuite ignored="0" hostname="LAPTOP-M661JK8C" failures="0" tests="5" name="Smoke" time="18.82" errors="0" timestamp="2026-05-21T15:26:40 IST">
  <testcase classname="tests.loginTest" name="validLogin" time="1.446"/>
  <testcase classname="tests.loginTest" name="validLogin1" time="0.989"/>
  <testcase classname="tests.loginTest" name="invalidLogin" time="0.518"/>
  <testcase classname="tests.loginTest" name="emptyLogin" time="0.542"/>
  <testcase classname="tests.ProductTest" name="addToCart" time="2.742"/>
</testsuite> <!-- Smoke -->
