<?xml version="1.0" encoding="UTF-8"?>
<!-- Generated by org.testng.reporters.JUnitXMLReporter -->
<testsuite ignored="0" hostname="LAPTOP-M661JK8C" failures="0" tests="4" name="Default test" time="12.803" errors="0" timestamp="2026-05-21T14:25:25 IST">
  <testcase classname="tests.loginTest" name="validLogin" time="0.577"/>
  <testcase classname="tests.loginTest" name="validLogin1" time="0.508"/>
  <testcase classname="tests.loginTest" name="invalidLogin" time="0.481"/>
  <testcase classname="tests.loginTest" name="emptyLogin" time="0.348"/>
</testsuite> <!-- Default test -->
