<?xml version="1.0" encoding="UTF-8"?>
<testng-results ignored="0" total="2" passed="2" failed="0" skipped="0">
  <reporter-output>
  </reporter-output>
  <suite started-at="2026-05-22T09:18:50 IST" name="Automation" finished-at="2026-05-22T09:18:55 IST" duration-ms="5330">
    <groups>
    </groups>
    <test started-at="2026-05-22T09:18:50 IST" name="Smoke" finished-at="2026-05-22T09:18:55 IST" duration-ms="5330">
      <class name="tests.loginTest">
        <test-method is-config="true" signature="start()[pri:0, instance:tests.loginTest@45752059]" started-at="2026-05-22T09:18:50 IST" name="start" finished-at="2026-05-22T09:18:52 IST" duration-ms="2220" status="PASS">
          <reporter-output>
          </reporter-output>
        </test-method> <!-- start -->
        <test-method signature="validLogin()[pri:0, instance:tests.loginTest@45752059]" started-at="2026-05-22T09:18:52 IST" name="validLogin" finished-at="2026-05-22T09:18:52 IST" duration-ms="514" status="PASS">
          <reporter-output>
          </reporter-output>
        </test-method> <!-- validLogin -->
        <test-method is-config="true" signature="close()[pri:0, instance:tests.loginTest@45752059]" started-at="2026-05-22T09:18:52 IST" name="close" finished-at="2026-05-22T09:18:53 IST" duration-ms="275" status="PASS">
          <reporter-output>
          </reporter-output>
        </test-method> <!-- close -->
      </class> <!-- tests.loginTest -->
      <class name="tests.ProductTest">
        <test-method signature="addToCart()[pri:0, instance:tests.ProductTest@26794848]" started-at="2026-05-22T09:18:53 IST" name="addToCart" finished-at="2026-05-22T09:18:55 IST" duration-ms="2271" status="PASS">
          <reporter-output>
          </reporter-output>
        </test-method> <!-- addToCart -->
      </class> <!-- tests.ProductTest -->
    </test> <!-- Smoke -->
  </suite> <!-- Automation -->
</testng-results>
