<?xml version="1.0" encoding="UTF-8"?>
<testng-results ignored="0" total="5" passed="5" failed="0" skipped="0">
  <reporter-output>
  </reporter-output>
  <suite started-at="2026-05-21T15:26:21 IST" name="Automation" finished-at="2026-05-21T15:26:40 IST" duration-ms="18820">
    <groups>
    </groups>
    <test started-at="2026-05-21T15:26:21 IST" name="Smoke" finished-at="2026-05-21T15:26:40 IST" duration-ms="18820">
      <class name="tests.loginTest">
        <test-method is-config="true" signature="startReport()[pri:0, instance:tests.loginTest@185a6e9]" started-at="2026-05-21T15:26:21 IST" name="startReport" finished-at="2026-05-21T15:26:21 IST" duration-ms="401" status="PASS">
          <reporter-output>
          </reporter-output>
        </test-method> <!-- startReport -->
        <test-method is-config="true" signature="start()[pri:0, instance:tests.loginTest@185a6e9]" started-at="2026-05-21T15:26:21 IST" name="start" finished-at="2026-05-21T15:26:26 IST" duration-ms="4904" status="PASS">
          <reporter-output>
          </reporter-output>
        </test-method> <!-- start -->
        <test-method signature="validLogin()[pri:0, instance:tests.loginTest@185a6e9]" started-at="2026-05-21T15:26:26 IST" name="validLogin" finished-at="2026-05-21T15:26:28 IST" duration-ms="1446" status="PASS">
          <reporter-output>
          </reporter-output>
        </test-method> <!-- validLogin -->
        <test-method is-config="true" signature="close()[pri:0, instance:tests.loginTest@185a6e9]" started-at="2026-05-21T15:26:28 IST" name="close" finished-at="2026-05-21T15:26:28 IST" duration-ms="489" status="PASS">
          <reporter-output>
          </reporter-output>
        </test-method> <!-- close -->
        <test-method is-config="true" signature="start()[pri:0, instance:tests.loginTest@185a6e9]" started-at="2026-05-21T15:26:28 IST" name="start" finished-at="2026-05-21T15:26:30 IST" duration-ms="1730" status="PASS">
          <reporter-output>
          </reporter-output>
        </test-method> <!-- start -->
        <test-method signature="validLogin1()[pri:1, instance:tests.loginTest@185a6e9]" started-at="2026-05-21T15:26:30 IST" name="validLogin1" finished-at="2026-05-21T15:26:31 IST" duration-ms="989" status="PASS">
          <reporter-output>
          </reporter-output>
        </test-method> <!-- validLogin1 -->
        <test-method is-config="true" signature="close()[pri:0, instance:tests.loginTest@185a6e9]" started-at="2026-05-21T15:26:31 IST" name="close" finished-at="2026-05-21T15:26:31 IST" duration-ms="324" status="PASS">
          <reporter-output>
          </reporter-output>
        </test-method> <!-- close -->
        <test-method is-config="true" signature="start()[pri:0, instance:tests.loginTest@185a6e9]" started-at="2026-05-21T15:26:31 IST" name="start" finished-at="2026-05-21T15:26:33 IST" duration-ms="1702" status="PASS">
          <reporter-output>
          </reporter-output>
        </test-method> <!-- start -->
        <test-method signature="invalidLogin()[pri:2, instance:tests.loginTest@185a6e9]" started-at="2026-05-21T15:26:33 IST" name="invalidLogin" finished-at="2026-05-21T15:26:33 IST" duration-ms="518" status="PASS">
          <reporter-output>
          </reporter-output>
        </test-method> <!-- invalidLogin -->
        <test-method is-config="true" signature="close()[pri:0, instance:tests.loginTest@185a6e9]" started-at="2026-05-21T15:26:33 IST" name="close" finished-at="2026-05-21T15:26:34 IST" duration-ms="365" status="PASS">
          <reporter-output>
          </reporter-output>
        </test-method> <!-- close -->
        <test-method is-config="true" signature="start()[pri:0, instance:tests.loginTest@185a6e9]" started-at="2026-05-21T15:26:34 IST" name="start" finished-at="2026-05-21T15:26:36 IST" duration-ms="1676" status="PASS">
          <reporter-output>
          </reporter-output>
        </test-method> <!-- start -->
        <test-method signature="emptyLogin()[pri:3, instance:tests.loginTest@185a6e9]" started-at="2026-05-21T15:26:36 IST" name="emptyLogin" finished-at="2026-05-21T15:26:36 IST" duration-ms="542" status="PASS">
          <reporter-output>
          </reporter-output>
        </test-method> <!-- emptyLogin -->
        <test-method is-config="true" signature="close()[pri:0, instance:tests.loginTest@185a6e9]" started-at="2026-05-21T15:26:36 IST" name="close" finished-at="2026-05-21T15:26:36 IST" duration-ms="393" status="PASS">
          <reporter-output>
          </reporter-output>
        </test-method> <!-- close -->
        <test-method is-config="true" signature="endReport()[pri:0, instance:tests.loginTest@185a6e9]" started-at="2026-05-21T15:26:36 IST" name="endReport" finished-at="2026-05-21T15:26:37 IST" duration-ms="524" status="PASS">
          <reporter-output>
          </reporter-output>
        </test-method> <!-- endReport -->
      </class> <!-- tests.loginTest -->
      <class name="tests.ProductTest">
        <test-method signature="addToCart()[pri:0, instance:tests.ProductTest@1fa121e2]" started-at="2026-05-21T15:26:37 IST" name="addToCart" finished-at="2026-05-21T15:26:40 IST" duration-ms="2742" status="PASS">
          <reporter-output>
          </reporter-output>
        </test-method> <!-- addToCart -->
      </class> <!-- tests.ProductTest -->
    </test> <!-- Smoke -->
  </suite> <!-- Automation -->
</testng-results>
