<?xml version="1.0" encoding="UTF-8"?>
<!-- Generated by org.testng.reporters.JUnitXMLReporter -->
<testsuite ignored="0" hostname="LAPTOP-M661JK8C" failures="0" tests="4" name="Test" time="8.229" errors="0" timestamp="2026-05-21T08:29:39 IST">
  <testcase classname="tests.loginTest" name="validLogin" time="2.577"/>
  <testcase classname="tests.loginTest" name="validLogin1" time="1.898"/>
  <testcase classname="tests.loginTest" name="invalidLogin" time="1.872"/>
  <testcase classname="tests.loginTest" name="emptyLogin" time="1.84"/>
</testsuite> <!-- Test -->
