<?xml version="1.0" encoding="UTF-8"?>
<!-- Generated by org.testng.reporters.JUnitReportReporter -->
<testsuite hostname="LAPTOP-M661JK8C" failures="0" tests="4" name="tests.loginTest" time="15.078" errors="0" timestamp="2026-05-21T15:26:40 IST" skipped="0">
  <testcase classname="tests.loginTest" name="validLogin" time="3.500"/>
  <testcase classname="tests.loginTest" name="validLogin1" time="3.180"/>
  <testcase classname="tests.loginTest" name="invalidLogin" time="5.787"/>
  <testcase classname="tests.loginTest" name="emptyLogin" time="2.611"/>
</testsuite> <!-- tests.loginTest -->
